<?xml version="1.0" encoding="UTF-8"?>
<!-- Generated by org.testng.reporters.JUnitReportReporter -->
<testsuite hostname="ThisisMrKK" failures="0" tests="1" name="org.test.JenkinsBrowserLaunching" time="5.730" errors="0" timestamp="23 May 2023 06:49:09 GMT" skipped="0">
  <testcase classname="org.test.JenkinsBrowserLaunching" name="tc0" time="5.730"/>
</testsuite> <!-- org.test.JenkinsBrowserLaunching -->
